204
------------------------TRAINING testingout - EPOCH: 3---------------------------
Epoch: 3, Batch: 0/2, Loss:0.612729370594
Epoch: 3, Batch: 1/2, Loss:0.518681764603
precision_train  [ 0.          0.94382022  0.          0.33333333  0.          0.          0.
  0.          1.          0.          0.          0.          0.          0.
  0.625       0.          0.          0.          0.          0.          0.
  0.          0.38888889  0.        ]
recall_train  [ 0.          0.95454545  0.          0.5         0.          0.          0.
  0.          0.8         0.          0.          0.          0.          0.
  0.52631579  0.          0.          0.          0.          0.          0.
  0.          0.7         0.        ]
train_loss_epoch 0.565705567598
avg_precision_train  0.83557157574
avg_recall_train  0.83557157574
f1_scores_train  0.824897513033
------------------------TESTING EPOCH: 3---------------------------
test loss mean  0.600393891335
precision_test  [ 0.          0.90243902  0.          1.          0.          0.          0.
  0.          0.875       0.          0.          0.          0.          0.
  0.66666667  0.          0.          0.          0.          0.          0.
  0.          0.2         0.        ]
recall_test  [ 0.          0.97368421  0.          0.33333333  0.          0.          0.
  0.          0.7         0.          0.          0.          0.          0.
  1.          0.          0.          0.          0.          0.          0.
  0.          0.25        0.        ]
avg_precision_test  0.811628681861
avg_recall_test  0.811628681861
f1_scores_test  0.802649235664
