204
------------------------TRAINING testingout - EPOCH: 3---------------------------
Epoch: 3, Batch: 0/2, Loss:0.634945094585
Epoch: 3, Batch: 1/2, Loss:0.485219717026
precision_train  [ 0.          0.92307692  0.          0.          0.          0.          0.
  0.          0.94117647  0.          0.          0.          0.          0.
  0.69230769  0.          0.          0.          0.          0.          0.
  0.          0.42105263  0.        ]
recall_train  [ 0.          0.95454545  0.          0.          0.          0.          0.
  0.          0.8         0.          0.          0.          0.          0.
  0.47368421  0.          0.          0.          0.          0.          0.
  0.          0.8         0.        ]
train_loss_epoch 0.560082405806
avg_precision_train  0.821109588197
avg_recall_train  0.821109588197
f1_scores_train  0.811847674458
------------------------TESTING EPOCH: 3---------------------------
test loss mean  0.976270854473
precision_test  [ 0.          0.7826087   0.          0.          0.          0.          0.
  0.          0.53846154  0.          0.          0.          0.          0.
  1.          0.          0.          0.          0.          0.          0.
  0.          0.          0.        ]
recall_test  [ 0.          0.94736842  0.          0.          0.          0.          0.
  0.          0.7         0.          0.          0.          0.          0.
  0.25        0.          0.          0.          0.          0.          0.
  0.          0.          0.        ]
avg_precision_test  0.641372882285
avg_recall_test  0.641372882285
f1_scores_test  0.659973526118
------------------------TRAINING testingout - EPOCH: 4---------------------------
Epoch: 4, Batch: 0/2, Loss:0.524980545044
Epoch: 4, Batch: 1/2, Loss:0.441600263119
precision_train  [ 0.          0.94565217  0.          0.          0.          0.          0.
  0.          0.94117647  0.          0.          0.          0.          0.
  0.8125      0.          0.          0.          0.          0.          0.
  0.          0.53333333  1.        ]
recall_train  [ 0.          0.98863636  0.          0.          0.          0.          0.
  0.          0.8         0.          0.          0.          0.          0.
  0.68421053  0.          0.          0.          0.          0.          0.
  0.          0.8         0.5       ]
train_loss_epoch 0.483290404081
avg_precision_train  0.872809468877
avg_recall_train  0.872809468877
f1_scores_train  0.868612468612
------------------------TESTING EPOCH: 4---------------------------
test loss mean  0.951085805893
precision_test  [ 0.          0.7826087   0.          0.          0.          0.          0.
  0.          0.53846154  0.          0.          0.          0.          0.
  1.          0.          0.          0.          0.          0.          0.
  0.          0.          0.        ]
recall_test  [ 0.          0.94736842  0.          0.          0.          0.          0.
  0.          0.7         0.          0.          0.          0.          0.
  0.25        0.          0.          0.          0.          0.          0.
  0.          0.          0.        ]
avg_precision_test  0.641372882285
avg_recall_test  0.641372882285
f1_scores_test  0.659973526118
